<?xml version="1.0" encoding="utf-8"?><testsuites name="pytest tests"><testsuite name="pytest" errors="0" failures="0" skipped="0" tests="3" time="8.988" timestamp="2026-04-27T13:20:52.458868+00:00" hostname="agent-env-fa3ce2e9-a0a2-44f2-b87d-b86947a95118"><testcase classname="backend.tests.test_iter4.TestCompareIsTds" name="test_compare_returns_is_tds_array" time="0.408" /><testcase classname="backend.tests.test_iter4.TestRecommendationText" name="test_recommendation_returns_text" time="8.221" /><testcase classname="backend.tests.test_iter4.TestRecommendationText" name="test_recommendation_is_cached" time="0.284" /></testsuite></testsuites>