<?xml version="1.0" encoding="utf-8"?><testsuites name="pytest tests"><testsuite name="pytest" errors="0" failures="0" skipped="0" tests="6" time="7.780" timestamp="2026-04-27T06:57:43.049106+00:00" hostname="agent-env-fa3ce2e9-a0a2-44f2-b87d-b86947a95118"><testcase classname="tests.test_iter3" name="test_compare_returns_kamdhenu_advantage_flag" time="0.219" /><testcase classname="tests.test_iter3" name="test_pitch_variant_1_durability" time="0.142" /><testcase classname="tests.test_iter3" name="test_pitch_variant_2_safety_economics" time="3.702" /><testcase classname="tests.test_iter3" name="test_pitch_variant_0_vs_1_differ" time="3.444" /><testcase classname="tests.test_iter3" name="test_pitch_lines_real_world_problems" time="0.100" /><testcase classname="tests.test_iter3" name="test_pitch_variant_default_when_omitted" time="0.111" /></testsuite></testsuites>