<?xml version="1.0" encoding="utf-8"?><testsuites name="pytest tests"><testsuite name="pytest" errors="0" failures="0" skipped="0" tests="7" time="6.327" timestamp="2026-04-26T09:13:23.281263+00:00" hostname="agent-env-fa3ce2e9-a0a2-44f2-b87d-b86947a95118"><testcase classname="backend.tests.test_pitch" name="test_compare_still_works" time="0.204" /><testcase classname="backend.tests.test_pitch" name="test_pitch_single_competitor" time="0.130" /><testcase classname="backend.tests.test_pitch" name="test_pitch_cache_hit_faster" time="0.289" /><testcase classname="backend.tests.test_pitch" name="test_pitch_multiple_competitors" time="2.773" /><testcase classname="backend.tests.test_pitch" name="test_pitch_with_custom_product" time="2.524" /><testcase classname="backend.tests.test_pitch" name="test_pitch_invalid_code" time="0.162" /><testcase classname="backend.tests.test_pitch" name="test_pitch_lines_cite_numbers" time="0.101" /></testsuite></testsuites>