<?xml version="1.0" encoding="utf-8"?><testsuites name="pytest tests"><testsuite name="pytest" errors="0" failures="1" skipped="0" tests="16" time="2.416" timestamp="2026-04-25T15:33:24.113927+00:00" hostname="agent-env-fa3ce2e9-a0a2-44f2-b87d-b86947a95118"><testcase classname="backend.tests.test_kamdhenu_api" name="test_substrates" time="0.216" /><testcase classname="backend.tests.test_kamdhenu_api" name="test_tile_types_filtered_plywood" time="0.170" /><testcase classname="backend.tests.test_kamdhenu_api" name="test_tile_types_all" time="0.141" /><testcase classname="backend.tests.test_kamdhenu_api" name="test_areas" time="0.102" /><testcase classname="backend.tests.test_kamdhenu_api" name="test_kamdhenu_catalog" time="0.109" /><testcase classname="backend.tests.test_kamdhenu_api" name="test_competitors" time="0.148" /><testcase classname="backend.tests.test_kamdhenu_api" name="test_recommend[payload0-expected_in0]" time="0.188" /><testcase classname="backend.tests.test_kamdhenu_api" name="test_recommend[payload1-expected_in1]" time="0.218"><failure message="AssertionError: assert 'KX' in ['K90']">backend/tests/test_kamdhenu_api.py:78: in test_recommend
    assert data["recommendation"]["code"] in expected_in
E   AssertionError: assert 'KX' in ['K90']</failure></testcase><testcase classname="backend.tests.test_kamdhenu_api" name="test_recommend[payload2-expected_in2]" time="0.117" /><testcase classname="backend.tests.test_kamdhenu_api" name="test_recommend[payload3-expected_in3]" time="0.122" /><testcase classname="backend.tests.test_kamdhenu_api" name="test_recommend[payload4-expected_in4]" time="0.119" /><testcase classname="backend.tests.test_kamdhenu_api" name="test_compare" time="0.222" /><testcase classname="backend.tests.test_kamdhenu_api" name="test_auth_me_with_token" time="0.112" /><testcase classname="backend.tests.test_kamdhenu_api" name="test_auth_me_no_token" time="0.116" /><testcase classname="backend.tests.test_kamdhenu_api" name="test_admin_add_product_requires_auth" time="0.101" /><testcase classname="backend.tests.test_kamdhenu_api" name="test_admin_add_product_with_auth" time="0.122" /></testsuite></testsuites>